Background scheduler started at 2025-04-15 17:22:54
Next update scheduled for 2025-04-15 14:27:54.157180+00:00
Scheduler triggered update at 2025-04-15 17:22:54
Scraping data for PLTR...
Scraping data for NVDA...
Scraping data for TSLA...
Scraping data for HOOD...
Scraping data for QQQ...
Scraping data for SPY...
Scraping data for GLD...
Updated all stock data at 2025-04-15 17:22:55 (took 1.05 seconds)
 * Serving Flask app 'app'
 * Debug mode: on
WARNING: This is a development server. Do not use it in a production deployment. Use a production WSGI server instead.
 * Running on all addresses (0.0.0.0)
 * Running on http://127.0.0.1:5001
 * Running on http://10.0.0.6:5001
Press CTRL+C to quit
 * Restarting with watchdog (fsevents)
 * Debugger is active!
 * Debugger PIN: 118-985-915
